2014-11-10 09:50:21
Full thread dump Java HotSpot(TM) 64-Bit Server VM (23.2-b09 mixed mode):

"pool-2-thread-10" prio=10 tid=0x00007f19881c7000 nid=0x1f8a waiting on condition [0x00007f196cfce000]
   java.lang.Thread.State: WAITING (parking)
	at sun.misc.Unsafe.park(Native Method)
	- parking to wait for  <0x00000000d301f538> (a java.util.concurrent.locks.AbstractQueuedSynchronizer$ConditionObject)
	at java.util.concurrent.locks.LockSupport.park(LockSupport.java:186)
	at java.util.concurrent.locks.AbstractQueuedSynchronizer$ConditionObject.await(AbstractQueuedSynchronizer.java:2043)
	at java.util.concurrent.ScheduledThreadPoolExecutor$DelayedWorkQueue.take(ScheduledThreadPoolExecutor.java:1085)
	at java.util.concurrent.ScheduledThreadPoolExecutor$DelayedWorkQueue.take(ScheduledThreadPoolExecutor.java:807)
	at java.util.concurrent.ThreadPoolExecutor.getTask(ThreadPoolExecutor.java:1043)
	at java.util.concurrent.ThreadPoolExecutor.runWorker(ThreadPoolExecutor.java:1103)
	at java.util.concurrent.ThreadPoolExecutor$Worker.run(ThreadPoolExecutor.java:603)
	at java.lang.Thread.run(Thread.java:722)

"Attach Listener" daemon prio=10 tid=0x00007f197c09f000 nid=0x1f70 waiting on condition [0x0000000000000000]
   java.lang.Thread.State: RUNNABLE

"pool-2-thread-9" prio=10 tid=0x00007f196809a000 nid=0x1f58 waiting on condition [0x00007f196d1d0000]
   java.lang.Thread.State: WAITING (parking)
	at sun.misc.Unsafe.park(Native Method)
	- parking to wait for  <0x00000000d301f538> (a java.util.concurrent.locks.AbstractQueuedSynchronizer$ConditionObject)
	at java.util.concurrent.locks.LockSupport.park(LockSupport.java:186)
	at java.util.concurrent.locks.AbstractQueuedSynchronizer$ConditionObject.await(AbstractQueuedSynchronizer.java:2043)
	at java.util.concurrent.ScheduledThreadPoolExecutor$DelayedWorkQueue.take(ScheduledThreadPoolExecutor.java:1085)
	at java.util.concurrent.ScheduledThreadPoolExecutor$DelayedWorkQueue.take(ScheduledThreadPoolExecutor.java:807)
	at java.util.concurrent.ThreadPoolExecutor.getTask(ThreadPoolExecutor.java:1043)
	at java.util.concurrent.ThreadPoolExecutor.runWorker(ThreadPoolExecutor.java:1103)
	at java.util.concurrent.ThreadPoolExecutor$Worker.run(ThreadPoolExecutor.java:603)
	at java.lang.Thread.run(Thread.java:722)

"pool-2-thread-8" prio=10 tid=0x00007f1978064000 nid=0x1f57 waiting on condition [0x00007f196d2d1000]
   java.lang.Thread.State: WAITING (parking)
	at sun.misc.Unsafe.park(Native Method)
	- parking to wait for  <0x00000000d301f538> (a java.util.concurrent.locks.AbstractQueuedSynchronizer$ConditionObject)
	at java.util.concurrent.locks.LockSupport.park(LockSupport.java:186)
	at java.util.concurrent.locks.AbstractQueuedSynchronizer$ConditionObject.await(AbstractQueuedSynchronizer.java:2043)
	at java.util.concurrent.ScheduledThreadPoolExecutor$DelayedWorkQueue.take(ScheduledThreadPoolExecutor.java:1085)
	at java.util.concurrent.ScheduledThreadPoolExecutor$DelayedWorkQueue.take(ScheduledThreadPoolExecutor.java:807)
	at java.util.concurrent.ThreadPoolExecutor.getTask(ThreadPoolExecutor.java:1043)
	at java.util.concurrent.ThreadPoolExecutor.runWorker(ThreadPoolExecutor.java:1103)
	at java.util.concurrent.ThreadPoolExecutor$Worker.run(ThreadPoolExecutor.java:603)
	at java.lang.Thread.run(Thread.java:722)

"pool-2-thread-7" prio=10 tid=0x00000000023ec000 nid=0x1f56 waiting on condition [0x00007f196d3d2000]
   java.lang.Thread.State: TIMED_WAITING (parking)
	at sun.misc.Unsafe.park(Native Method)
	- parking to wait for  <0x00000000d301f538> (a java.util.concurrent.locks.AbstractQueuedSynchronizer$ConditionObject)
	at java.util.concurrent.locks.LockSupport.parkNanos(LockSupport.java:226)
	at java.util.concurrent.locks.AbstractQueuedSynchronizer$ConditionObject.awaitNanos(AbstractQueuedSynchronizer.java:2082)
	at java.util.concurrent.ScheduledThreadPoolExecutor$DelayedWorkQueue.take(ScheduledThreadPoolExecutor.java:1090)
	at java.util.concurrent.ScheduledThreadPoolExecutor$DelayedWorkQueue.take(ScheduledThreadPoolExecutor.java:807)
	at java.util.concurrent.ThreadPoolExecutor.getTask(ThreadPoolExecutor.java:1043)
	at java.util.concurrent.ThreadPoolExecutor.runWorker(ThreadPoolExecutor.java:1103)
	at java.util.concurrent.ThreadPoolExecutor$Worker.run(ThreadPoolExecutor.java:603)
	at java.lang.Thread.run(Thread.java:722)

"pool-3-thread-29" prio=10 tid=0x00007f1974856000 nid=0x1f1a waiting on condition [0x00007f196d4d3000]
   java.lang.Thread.State: WAITING (parking)
	at sun.misc.Unsafe.park(Native Method)
	- parking to wait for  <0x00000000d301f778> (a java.util.concurrent.locks.AbstractQueuedSynchronizer$ConditionObject)
	at java.util.concurrent.locks.LockSupport.park(LockSupport.java:186)
	at java.util.concurrent.locks.AbstractQueuedSynchronizer$ConditionObject.await(AbstractQueuedSynchronizer.java:2043)
	at java.util.concurrent.ScheduledThreadPoolExecutor$DelayedWorkQueue.take(ScheduledThreadPoolExecutor.java:1085)
	at java.util.concurrent.ScheduledThreadPoolExecutor$DelayedWorkQueue.take(ScheduledThreadPoolExecutor.java:807)
	at java.util.concurrent.ThreadPoolExecutor.getTask(ThreadPoolExecutor.java:1043)
	at java.util.concurrent.ThreadPoolExecutor.runWorker(ThreadPoolExecutor.java:1103)
	at java.util.concurrent.ThreadPoolExecutor$Worker.run(ThreadPoolExecutor.java:603)
	at java.lang.Thread.run(Thread.java:722)

"pool-3-thread-30" prio=10 tid=0x00000000023fe800 nid=0x1f19 waiting on condition [0x00007f196d5d4000]
   java.lang.Thread.State: WAITING (parking)
	at sun.misc.Unsafe.park(Native Method)
	- parking to wait for  <0x00000000d301f778> (a java.util.concurrent.locks.AbstractQueuedSynchronizer$ConditionObject)
	at java.util.concurrent.locks.LockSupport.park(LockSupport.java:186)
	at java.util.concurrent.locks.AbstractQueuedSynchronizer$ConditionObject.await(AbstractQueuedSynchronizer.java:2043)
	at java.util.concurrent.ScheduledThreadPoolExecutor$DelayedWorkQueue.take(ScheduledThreadPoolExecutor.java:1085)
	at java.util.concurrent.ScheduledThreadPoolExecutor$DelayedWorkQueue.take(ScheduledThreadPoolExecutor.java:807)
	at java.util.concurrent.ThreadPoolExecutor.getTask(ThreadPoolExecutor.java:1043)
	at java.util.concurrent.ThreadPoolExecutor.runWorker(ThreadPoolExecutor.java:1103)
	at java.util.concurrent.ThreadPoolExecutor$Worker.run(ThreadPoolExecutor.java:603)
	at java.lang.Thread.run(Thread.java:722)

"pool-3-thread-27" prio=10 tid=0x00007f1970676800 nid=0x1f18 waiting on condition [0x00007f196d6d5000]
   java.lang.Thread.State: WAITING (parking)
	at sun.misc.Unsafe.park(Native Method)
	- parking to wait for  <0x00000000d301f778> (a java.util.concurrent.locks.AbstractQueuedSynchronizer$ConditionObject)
	at java.util.concurrent.locks.LockSupport.park(LockSupport.java:186)
	at java.util.concurrent.locks.AbstractQueuedSynchronizer$ConditionObject.await(AbstractQueuedSynchronizer.java:2043)
	at java.util.concurrent.ScheduledThreadPoolExecutor$DelayedWorkQueue.take(ScheduledThreadPoolExecutor.java:1085)
	at java.util.concurrent.ScheduledThreadPoolExecutor$DelayedWorkQueue.take(ScheduledThreadPoolExecutor.java:807)
	at java.util.concurrent.ThreadPoolExecutor.getTask(ThreadPoolExecutor.java:1043)
	at java.util.concurrent.ThreadPoolExecutor.runWorker(ThreadPoolExecutor.java:1103)
	at java.util.concurrent.ThreadPoolExecutor$Worker.run(ThreadPoolExecutor.java:603)
	at java.lang.Thread.run(Thread.java:722)

"pool-3-thread-28" prio=10 tid=0x00007f19704a1800 nid=0x1f17 waiting on condition [0x00007f196d7d6000]
   java.lang.Thread.State: TIMED_WAITING (parking)
	at sun.misc.Unsafe.park(Native Method)
	- parking to wait for  <0x00000000d301f778> (a java.util.concurrent.locks.AbstractQueuedSynchronizer$ConditionObject)
	at java.util.concurrent.locks.LockSupport.parkNanos(LockSupport.java:226)
	at java.util.concurrent.locks.AbstractQueuedSynchronizer$ConditionObject.awaitNanos(AbstractQueuedSynchronizer.java:2082)
	at java.util.concurrent.ScheduledThreadPoolExecutor$DelayedWorkQueue.take(ScheduledThreadPoolExecutor.java:1090)
	at java.util.concurrent.ScheduledThreadPoolExecutor$DelayedWorkQueue.take(ScheduledThreadPoolExecutor.java:807)
	at java.util.concurrent.ThreadPoolExecutor.getTask(ThreadPoolExecutor.java:1043)
	at java.util.concurrent.ThreadPoolExecutor.runWorker(ThreadPoolExecutor.java:1103)
	at java.util.concurrent.ThreadPoolExecutor$Worker.run(ThreadPoolExecutor.java:603)
	at java.lang.Thread.run(Thread.java:722)

"pool-3-thread-26" prio=10 tid=0x00007f1968072000 nid=0x1f16 waiting on condition [0x00007f196d8d7000]
   java.lang.Thread.State: WAITING (parking)
	at sun.misc.Unsafe.park(Native Method)
	- parking to wait for  <0x00000000d301f778> (a java.util.concurrent.locks.AbstractQueuedSynchronizer$ConditionObject)
	at java.util.concurrent.locks.LockSupport.park(LockSupport.java:186)
	at java.util.concurrent.locks.AbstractQueuedSynchronizer$ConditionObject.await(AbstractQueuedSynchronizer.java:2043)
	at java.util.concurrent.ScheduledThreadPoolExecutor$DelayedWorkQueue.take(ScheduledThreadPoolExecutor.java:1085)
	at java.util.concurrent.ScheduledThreadPoolExecutor$DelayedWorkQueue.take(ScheduledThreadPoolExecutor.java:807)
	at java.util.concurrent.ThreadPoolExecutor.getTask(ThreadPoolExecutor.java:1043)
	at java.util.concurrent.ThreadPoolExecutor.runWorker(ThreadPoolExecutor.java:1103)
	at java.util.concurrent.ThreadPoolExecutor$Worker.run(ThreadPoolExecutor.java:603)
	at java.lang.Thread.run(Thread.java:722)

"pool-2-thread-6" prio=10 tid=0x00007f19906ca800 nid=0x1f15 waiting on condition [0x00007f196d9d8000]
   java.lang.Thread.State: WAITING (parking)
	at sun.misc.Unsafe.park(Native Method)
	- parking to wait for  <0x00000000d301f538> (a java.util.concurrent.locks.AbstractQueuedSynchronizer$ConditionObject)
	at java.util.concurrent.locks.LockSupport.park(LockSupport.java:186)
	at java.util.concurrent.locks.AbstractQueuedSynchronizer$ConditionObject.await(AbstractQueuedSynchronizer.java:2043)
	at java.util.concurrent.ScheduledThreadPoolExecutor$DelayedWorkQueue.take(ScheduledThreadPoolExecutor.java:1085)
	at java.util.concurrent.ScheduledThreadPoolExecutor$DelayedWorkQueue.take(ScheduledThreadPoolExecutor.java:807)
	at java.util.concurrent.ThreadPoolExecutor.getTask(ThreadPoolExecutor.java:1043)
	at java.util.concurrent.ThreadPoolExecutor.runWorker(ThreadPoolExecutor.java:1103)
	at java.util.concurrent.ThreadPoolExecutor$Worker.run(ThreadPoolExecutor.java:603)
	at java.lang.Thread.run(Thread.java:722)

"weblogic.transaction.TxTimer: '1'" daemon prio=10 tid=0x00007f196803d800 nid=0x1f14 in Object.wait() [0x00007f196dad9000]
   java.lang.Thread.State: TIMED_WAITING (on object monitor)
	at java.lang.Object.wait(Native Method)
	at weblogic.transaction.internal.GenericTimer.run(GenericTimer.java:15)
	- locked <0x00000000d33b3598> (a weblogic.transaction.internal.GenericTimer)
	at java.lang.Thread.run(Thread.java:722)

"pool-2-thread-5" prio=10 tid=0x00000000023c9000 nid=0x1f13 waiting on condition [0x00007f196dbda000]
   java.lang.Thread.State: WAITING (parking)
	at sun.misc.Unsafe.park(Native Method)
	- parking to wait for  <0x00000000d301f538> (a java.util.concurrent.locks.AbstractQueuedSynchronizer$ConditionObject)
	at java.util.concurrent.locks.LockSupport.park(LockSupport.java:186)
	at java.util.concurrent.locks.AbstractQueuedSynchronizer$ConditionObject.await(AbstractQueuedSynchronizer.java:2043)
	at java.util.concurrent.ScheduledThreadPoolExecutor$DelayedWorkQueue.take(ScheduledThreadPoolExecutor.java:1085)
	at java.util.concurrent.ScheduledThreadPoolExecutor$DelayedWorkQueue.take(ScheduledThreadPoolExecutor.java:807)
	at java.util.concurrent.ThreadPoolExecutor.getTask(ThreadPoolExecutor.java:1043)
	at java.util.concurrent.ThreadPoolExecutor.runWorker(ThreadPoolExecutor.java:1103)
	at java.util.concurrent.ThreadPoolExecutor$Worker.run(ThreadPoolExecutor.java:603)
	at java.lang.Thread.run(Thread.java:722)

"Timer-1" daemon prio=10 tid=0x00007f19704c1800 nid=0x1f12 in Object.wait() [0x00007f196dcdb000]
   java.lang.Thread.State: WAITING (on object monitor)
	at java.lang.Object.wait(Native Method)
	- waiting on <0x00000000d33b36b0> (a java.util.TaskQueue)
	at java.lang.Object.wait(Object.java:503)
	at java.util.TimerThread.mainLoop(Timer.java:526)
	- locked <0x00000000d33b36b0> (a java.util.TaskQueue)
	at java.util.TimerThread.run(Timer.java:505)

"pool-2-thread-4" prio=10 tid=0x00007f196803c000 nid=0x1f11 waiting on condition [0x00007f196dddc000]
   java.lang.Thread.State: TIMED_WAITING (parking)
	at sun.misc.Unsafe.park(Native Method)
	- parking to wait for  <0x00000000d301f538> (a java.util.concurrent.locks.AbstractQueuedSynchronizer$ConditionObject)
	at java.util.concurrent.locks.LockSupport.parkNanos(LockSupport.java:226)
	at java.util.concurrent.locks.AbstractQueuedSynchronizer$ConditionObject.awaitNanos(AbstractQueuedSynchronizer.java:2082)
	at java.util.concurrent.ScheduledThreadPoolExecutor$DelayedWorkQueue.take(ScheduledThreadPoolExecutor.java:1090)
	at java.util.concurrent.ScheduledThreadPoolExecutor$DelayedWorkQueue.take(ScheduledThreadPoolExecutor.java:807)
	at java.util.concurrent.ThreadPoolExecutor.getTask(ThreadPoolExecutor.java:1043)
	at java.util.concurrent.ThreadPoolExecutor.runWorker(ThreadPoolExecutor.java:1103)
	at java.util.concurrent.ThreadPoolExecutor$Worker.run(ThreadPoolExecutor.java:603)
	at java.lang.Thread.run(Thread.java:722)

"ExecuteThread: '10' for queue: 'weblogic.JavaSocketReaders'" daemon prio=10 tid=0x00007f197c0cb000 nid=0x1f10 runnable [0x00007f196dedd000]
   java.lang.Thread.State: RUNNABLE
	at java.net.SocketInputStream.socketRead0(Native Method)
	at java.net.SocketInputStream.read(SocketInputStream.java:150)
	at java.net.SocketInputStream.read(SocketInputStream.java:121)
	at weblogic.socket.SocketMuxer.readFromSocket(SocketMuxer.java:988)
	at weblogic.socket.SocketMuxer.readReadySocketOnce(SocketMuxer.java:922)
	at weblogic.socket.SocketMuxer.readReadySocket(SocketMuxer.java:889)
	at weblogic.socket.JavaSocketMuxer.processSockets(JavaSocketMuxer.java:339)
	at weblogic.socket.SocketReaderRequest.run(SocketReaderRequest.java:29)
	at weblogic.socket.SocketReaderRequest.execute(SocketReaderRequest.java:42)
	at weblogic.kernel.ExecuteThread.execute(ExecuteThread.java:145)
	at weblogic.kernel.ExecuteThread.run(ExecuteThread.java:117)

"ExecuteThread: '9' for queue: 'weblogic.JavaSocketReaders'" daemon prio=10 tid=0x00007f197427b800 nid=0x1f0f runnable [0x00007f196dfde000]
   java.lang.Thread.State: RUNNABLE
	at java.net.SocketInputStream.socketRead0(Native Method)
	at java.net.SocketInputStream.read(SocketInputStream.java:150)
	at java.net.SocketInputStream.read(SocketInputStream.java:121)
	at weblogic.socket.SocketMuxer.readFromSocket(SocketMuxer.java:988)
	at weblogic.socket.SocketMuxer.readReadySocketOnce(SocketMuxer.java:922)
	at weblogic.socket.SocketMuxer.readReadySocket(SocketMuxer.java:889)
	at weblogic.socket.JavaSocketMuxer.processSockets(JavaSocketMuxer.java:339)
	at weblogic.socket.SocketReaderRequest.run(SocketReaderRequest.java:29)
	at weblogic.socket.SocketReaderRequest.execute(SocketReaderRequest.java:42)
	at weblogic.kernel.ExecuteThread.execute(ExecuteThread.java:145)
	at weblogic.kernel.ExecuteThread.run(ExecuteThread.java:117)

"ExecuteThread: '8' for queue: 'weblogic.JavaSocketReaders'" daemon prio=10 tid=0x00007f1980050800 nid=0x1f0e runnable [0x00007f196e0df000]
   java.lang.Thread.State: RUNNABLE
	at java.net.SocketInputStream.socketRead0(Native Method)
	at java.net.SocketInputStream.read(SocketInputStream.java:150)
	at java.net.SocketInputStream.read(SocketInputStream.java:121)
	at weblogic.socket.SocketMuxer.readFromSocket(SocketMuxer.java:988)
	at weblogic.socket.SocketMuxer.readReadySocketOnce(SocketMuxer.java:922)
	at weblogic.socket.SocketMuxer.readReadySocket(SocketMuxer.java:889)
	at weblogic.socket.JavaSocketMuxer.processSockets(JavaSocketMuxer.java:339)
	at weblogic.socket.SocketReaderRequest.run(SocketReaderRequest.java:29)
	at weblogic.socket.SocketReaderRequest.execute(SocketReaderRequest.java:42)
	at weblogic.kernel.ExecuteThread.execute(ExecuteThread.java:145)
	at weblogic.kernel.ExecuteThread.run(ExecuteThread.java:117)

"ExecuteThread: '7' for queue: 'weblogic.JavaSocketReaders'" daemon prio=10 tid=0x00000000023e1000 nid=0x1f0d runnable [0x00007f196e1e0000]
   java.lang.Thread.State: RUNNABLE
	at java.net.SocketInputStream.socketRead0(Native Method)
	at java.net.SocketInputStream.read(SocketInputStream.java:150)
	at java.net.SocketInputStream.read(SocketInputStream.java:121)
	at weblogic.socket.SocketMuxer.readFromSocket(SocketMuxer.java:988)
	at weblogic.socket.SocketMuxer.readReadySocketOnce(SocketMuxer.java:922)
	at weblogic.socket.SocketMuxer.readReadySocket(SocketMuxer.java:889)
	at weblogic.socket.JavaSocketMuxer.processSockets(JavaSocketMuxer.java:339)
	at weblogic.socket.SocketReaderRequest.run(SocketReaderRequest.java:29)
	at weblogic.socket.SocketReaderRequest.execute(SocketReaderRequest.java:42)
	at weblogic.kernel.ExecuteThread.execute(ExecuteThread.java:145)
	at weblogic.kernel.ExecuteThread.run(ExecuteThread.java:117)

"ExecuteThread: '6' for queue: 'weblogic.JavaSocketReaders'" daemon prio=10 tid=0x00007f1990456000 nid=0x1f0c runnable [0x00007f196e2e1000]
   java.lang.Thread.State: RUNNABLE
	at java.net.SocketInputStream.socketRead0(Native Method)
	at java.net.SocketInputStream.read(SocketInputStream.java:150)
	at java.net.SocketInputStream.read(SocketInputStream.java:121)
	at weblogic.socket.SocketMuxer.readFromSocket(SocketMuxer.java:988)
	at weblogic.socket.SocketMuxer.readReadySocketOnce(SocketMuxer.java:922)
	at weblogic.socket.SocketMuxer.readReadySocket(SocketMuxer.java:889)
	at weblogic.socket.JavaSocketMuxer.processSockets(JavaSocketMuxer.java:339)
	at weblogic.socket.SocketReaderRequest.run(SocketReaderRequest.java:29)
	at weblogic.socket.SocketReaderRequest.execute(SocketReaderRequest.java:42)
	at weblogic.kernel.ExecuteThread.execute(ExecuteThread.java:145)
	at weblogic.kernel.ExecuteThread.run(ExecuteThread.java:117)

"ExecuteThread: '5' for queue: 'weblogic.JavaSocketReaders'" daemon prio=10 tid=0x00007f198004f000 nid=0x1f0b runnable [0x00007f196e3e2000]
   java.lang.Thread.State: RUNNABLE
	at java.net.SocketInputStream.socketRead0(Native Method)
	at java.net.SocketInputStream.read(SocketInputStream.java:150)
	at java.net.SocketInputStream.read(SocketInputStream.java:121)
	at weblogic.socket.SocketMuxer.readFromSocket(SocketMuxer.java:988)
	at weblogic.socket.SocketMuxer.readReadySocketOnce(SocketMuxer.java:922)
	at weblogic.socket.SocketMuxer.readReadySocket(SocketMuxer.java:889)
	at weblogic.socket.JavaSocketMuxer.processSockets(JavaSocketMuxer.java:339)
	at weblogic.socket.SocketReaderRequest.run(SocketReaderRequest.java:29)
	at weblogic.socket.SocketReaderRequest.execute(SocketReaderRequest.java:42)
	at weblogic.kernel.ExecuteThread.execute(ExecuteThread.java:145)
	at weblogic.kernel.ExecuteThread.run(ExecuteThread.java:117)

"ExecuteThread: '4' for queue: 'weblogic.JavaSocketReaders'" daemon prio=10 tid=0x00007f1978093800 nid=0x1f0a runnable [0x00007f196e4e3000]
   java.lang.Thread.State: RUNNABLE
	at java.net.SocketInputStream.socketRead0(Native Method)
	at java.net.SocketInputStream.read(SocketInputStream.java:150)
	at java.net.SocketInputStream.read(SocketInputStream.java:121)
	at weblogic.socket.SocketMuxer.readFromSocket(SocketMuxer.java:988)
	at weblogic.socket.SocketMuxer.readReadySocketOnce(SocketMuxer.java:922)
	at weblogic.socket.SocketMuxer.readReadySocket(SocketMuxer.java:889)
	at weblogic.socket.JavaSocketMuxer.processSockets(JavaSocketMuxer.java:339)
	at weblogic.socket.SocketReaderRequest.run(SocketReaderRequest.java:29)
	at weblogic.socket.SocketReaderRequest.execute(SocketReaderRequest.java:42)
	at weblogic.kernel.ExecuteThread.execute(ExecuteThread.java:145)
	at weblogic.kernel.ExecuteThread.run(ExecuteThread.java:117)

"ExecuteThread: '3' for queue: 'weblogic.JavaSocketReaders'" daemon prio=10 tid=0x00007f197c0c2000 nid=0x1f09 runnable [0x00007f196e5e4000]
   java.lang.Thread.State: RUNNABLE
	at java.net.SocketInputStream.socketRead0(Native Method)
	at java.net.SocketInputStream.read(SocketInputStream.java:150)
	at java.net.SocketInputStream.read(SocketInputStream.java:121)
	at weblogic.socket.SocketMuxer.readFromSocket(SocketMuxer.java:988)
	at weblogic.socket.SocketMuxer.readReadySocketOnce(SocketMuxer.java:922)
	at weblogic.socket.SocketMuxer.readReadySocket(SocketMuxer.java:889)
	at weblogic.socket.JavaSocketMuxer.processSockets(JavaSocketMuxer.java:339)
	at weblogic.socket.SocketReaderRequest.run(SocketReaderRequest.java:29)
	at weblogic.socket.SocketReaderRequest.execute(SocketReaderRequest.java:42)
	at weblogic.kernel.ExecuteThread.execute(ExecuteThread.java:145)
	at weblogic.kernel.ExecuteThread.run(ExecuteThread.java:117)

"ExecuteThread: '2' for queue: 'weblogic.JavaSocketReaders'" daemon prio=10 tid=0x00007f198805f800 nid=0x1f08 runnable [0x00007f196e6e5000]
   java.lang.Thread.State: RUNNABLE
	at java.net.SocketInputStream.socketRead0(Native Method)
	at java.net.SocketInputStream.read(SocketInputStream.java:150)
	at java.net.SocketInputStream.read(SocketInputStream.java:121)
	at weblogic.socket.SocketMuxer.readFromSocket(SocketMuxer.java:988)
	at weblogic.socket.SocketMuxer.readReadySocketOnce(SocketMuxer.java:922)
	at weblogic.socket.SocketMuxer.readReadySocket(SocketMuxer.java:889)
	at weblogic.socket.JavaSocketMuxer.processSockets(JavaSocketMuxer.java:339)
	at weblogic.socket.SocketReaderRequest.run(SocketReaderRequest.java:29)
	at weblogic.socket.SocketReaderRequest.execute(SocketReaderRequest.java:42)
	at weblogic.kernel.ExecuteThread.execute(ExecuteThread.java:145)
	at weblogic.kernel.ExecuteThread.run(ExecuteThread.java:117)

"ExecuteThread: '1' for queue: 'weblogic.JavaSocketReaders'" daemon prio=10 tid=0x00007f19742da800 nid=0x1f07 runnable [0x00007f196e7e6000]
   java.lang.Thread.State: RUNNABLE
	at java.net.SocketInputStream.socketRead0(Native Method)
	at java.net.SocketInputStream.read(SocketInputStream.java:150)
	at java.net.SocketInputStream.read(SocketInputStream.java:121)
	at weblogic.socket.SocketMuxer.readFromSocket(SocketMuxer.java:988)
	at weblogic.socket.SocketMuxer.readReadySocketOnce(SocketMuxer.java:922)
	at weblogic.socket.SocketMuxer.readReadySocket(SocketMuxer.java:889)
	at weblogic.socket.JavaSocketMuxer.processSockets(JavaSocketMuxer.java:339)
	at weblogic.socket.SocketReaderRequest.run(SocketReaderRequest.java:29)
	at weblogic.socket.SocketReaderRequest.execute(SocketReaderRequest.java:42)
	at weblogic.kernel.ExecuteThread.execute(ExecuteThread.java:145)
	at weblogic.kernel.ExecuteThread.run(ExecuteThread.java:117)

"ExecuteThread: '0' for queue: 'weblogic.JavaSocketReaders'" daemon prio=10 tid=0x00007f1968020000 nid=0x1f06 runnable [0x00007f196e8e7000]
   java.lang.Thread.State: RUNNABLE
	at java.net.SocketInputStream.socketRead0(Native Method)
	at java.net.SocketInputStream.read(SocketInputStream.java:150)
	at java.net.SocketInputStream.read(SocketInputStream.java:121)
	at weblogic.socket.SocketMuxer.readFromSocket(SocketMuxer.java:988)
	at weblogic.socket.SocketMuxer.readReadySocketOnce(SocketMuxer.java:922)
	at weblogic.socket.SocketMuxer.readReadySocket(SocketMuxer.java:889)
	at weblogic.socket.JavaSocketMuxer.processSockets(JavaSocketMuxer.java:339)
	at weblogic.socket.SocketReaderRequest.run(SocketReaderRequest.java:29)
	at weblogic.socket.SocketReaderRequest.execute(SocketReaderRequest.java:42)
	at weblogic.kernel.ExecuteThread.execute(ExecuteThread.java:145)
	at weblogic.kernel.ExecuteThread.run(ExecuteThread.java:117)

"weblogic.timers.TimerThread" daemon prio=10 tid=0x00007f1970306000 nid=0x1f05 in Object.wait() [0x00007f196e9e8000]
   java.lang.Thread.State: TIMED_WAITING (on object monitor)
	at java.lang.Object.wait(Native Method)
	at weblogic.timers.internal.TimerThread$Thread.run(TimerThread.java:262)
	- locked <0x00000000d3300800> (a weblogic.timers.internal.TimerThread)

"ExecuteThread: '4' for queue: 'default'" daemon prio=10 tid=0x00007f197022e800 nid=0x1f03 runnable [0x00007f196eae9000]
   java.lang.Thread.State: RUNNABLE
	at java.net.SocketInputStream.socketRead0(Native Method)
	at java.net.SocketInputStream.read(SocketInputStream.java:150)
	at java.net.SocketInputStream.read(SocketInputStream.java:121)
	at weblogic.socket.SocketMuxer.readFromSocket(SocketMuxer.java:988)
	at weblogic.socket.SocketMuxer.readReadySocketOnce(SocketMuxer.java:922)
	at weblogic.socket.SocketMuxer.readReadySocket(SocketMuxer.java:889)
	at weblogic.socket.JavaSocketMuxer.processSockets(JavaSocketMuxer.java:339)
	at weblogic.socket.SocketReaderRequest.run(SocketReaderRequest.java:29)
	at weblogic.work.ExecuteRequestAdapter.execute(ExecuteRequestAdapter.java:21)
	at weblogic.kernel.ExecuteThread.execute(ExecuteThread.java:145)
	at weblogic.kernel.ExecuteThread.run(ExecuteThread.java:117)

"ExecuteThread: '3' for queue: 'default'" daemon prio=10 tid=0x00007f1970192000 nid=0x1f02 runnable [0x00007f196ebea000]
   java.lang.Thread.State: RUNNABLE
	at java.net.SocketInputStream.socketRead0(Native Method)
	at java.net.SocketInputStream.read(SocketInputStream.java:150)
	at java.net.SocketInputStream.read(SocketInputStream.java:121)
	at weblogic.socket.SocketMuxer.readFromSocket(SocketMuxer.java:988)
	at weblogic.socket.SocketMuxer.readReadySocketOnce(SocketMuxer.java:922)
	at weblogic.socket.SocketMuxer.readReadySocket(SocketMuxer.java:889)
	at weblogic.socket.JavaSocketMuxer.processSockets(JavaSocketMuxer.java:339)
	at weblogic.socket.SocketReaderRequest.run(SocketReaderRequest.java:29)
	at weblogic.work.ExecuteRequestAdapter.execute(ExecuteRequestAdapter.java:21)
	at weblogic.kernel.ExecuteThread.execute(ExecuteThread.java:145)
	at weblogic.kernel.ExecuteThread.run(ExecuteThread.java:117)

"ExecuteThread: '2' for queue: 'default'" daemon prio=10 tid=0x00007f19703d9000 nid=0x1f01 in Object.wait() [0x00007f196eceb000]
   java.lang.Thread.State: WAITING (on object monitor)
	at java.lang.Object.wait(Native Method)
	at java.lang.Object.wait(Object.java:503)
	at weblogic.kernel.ExecuteThread.waitForRequest(ExecuteThread.java:91)
	- locked <0x00000000d31cf758> (a weblogic.kernel.ServerExecuteThread)
	at weblogic.kernel.ExecuteThread.run(ExecuteThread.java:115)

"ExecuteThread: '1' for queue: 'default'" daemon prio=10 tid=0x00007f1970195800 nid=0x1f00 in Object.wait() [0x00007f196edec000]
   java.lang.Thread.State: WAITING (on object monitor)
	at java.lang.Object.wait(Native Method)
	at java.lang.Object.wait(Object.java:503)
	at weblogic.kernel.ExecuteThread.waitForRequest(ExecuteThread.java:91)
	- locked <0x00000000d31cf7f0> (a weblogic.kernel.ServerExecuteThread)
	at weblogic.kernel.ExecuteThread.run(ExecuteThread.java:115)

"ExecuteThread: '0' for queue: 'default'" daemon prio=10 tid=0x00007f19703aa800 nid=0x1eff in Object.wait() [0x00007f196eeed000]
   java.lang.Thread.State: WAITING (on object monitor)
	at java.lang.Object.wait(Native Method)
	at java.lang.Object.wait(Object.java:503)
	at weblogic.kernel.ExecuteThread.waitForRequest(ExecuteThread.java:91)
	- locked <0x00000000d31cf888> (a weblogic.kernel.ServerExecuteThread)
	at weblogic.kernel.ExecuteThread.run(ExecuteThread.java:115)

"JMX client heartbeat 3" daemon prio=10 tid=0x00007f198000f000 nid=0x1efe waiting on condition [0x00007f196efee000]
   java.lang.Thread.State: TIMED_WAITING (sleeping)
	at java.lang.Thread.sleep(Native Method)
	at com.sun.jmx.remote.internal.ClientCommunicatorAdmin$Checker.run(ClientCommunicatorAdmin.java:174)
	at java.lang.Thread.run(Thread.java:722)

"JMX client heartbeat 4" daemon prio=10 tid=0x00007f1988020000 nid=0x1efd waiting on condition [0x00007f196f0ef000]
   java.lang.Thread.State: TIMED_WAITING (sleeping)
	at java.lang.Thread.sleep(Native Method)
	at com.sun.jmx.remote.internal.ClientCommunicatorAdmin$Checker.run(ClientCommunicatorAdmin.java:174)
	at java.lang.Thread.run(Thread.java:722)

"JMX client heartbeat 5" daemon prio=10 tid=0x00007f19741d9000 nid=0x1efc waiting on condition [0x00007f196f1f0000]
   java.lang.Thread.State: TIMED_WAITING (sleeping)
	at java.lang.Thread.sleep(Native Method)
	at com.sun.jmx.remote.internal.ClientCommunicatorAdmin$Checker.run(ClientCommunicatorAdmin.java:174)
	at java.lang.Thread.run(Thread.java:722)

"JMX client heartbeat 6" daemon prio=10 tid=0x00007f197c021800 nid=0x1efb waiting on condition [0x00007f196f2f1000]
   java.lang.Thread.State: TIMED_WAITING (sleeping)
	at java.lang.Thread.sleep(Native Method)
	at com.sun.jmx.remote.internal.ClientCommunicatorAdmin$Checker.run(ClientCommunicatorAdmin.java:174)
	at java.lang.Thread.run(Thread.java:722)

"JMX client heartbeat 7" daemon prio=10 tid=0x00007f198801e800 nid=0x1efa waiting on condition [0x00007f196f3f2000]
   java.lang.Thread.State: TIMED_WAITING (sleeping)
	at java.lang.Thread.sleep(Native Method)
	at com.sun.jmx.remote.internal.ClientCommunicatorAdmin$Checker.run(ClientCommunicatorAdmin.java:174)
	at java.lang.Thread.run(Thread.java:722)

"JMX client heartbeat 8" daemon prio=10 tid=0x00007f196801d800 nid=0x1ef9 waiting on condition [0x00007f196f4f3000]
   java.lang.Thread.State: TIMED_WAITING (sleeping)
	at java.lang.Thread.sleep(Native Method)
	at com.sun.jmx.remote.internal.ClientCommunicatorAdmin$Checker.run(ClientCommunicatorAdmin.java:174)
	at java.lang.Thread.run(Thread.java:722)

"JMX client heartbeat 9" daemon prio=10 tid=0x00007f1970145800 nid=0x1ef8 waiting on condition [0x00007f196f5f4000]
   java.lang.Thread.State: TIMED_WAITING (sleeping)
	at java.lang.Thread.sleep(Native Method)
	at com.sun.jmx.remote.internal.ClientCommunicatorAdmin$Checker.run(ClientCommunicatorAdmin.java:174)
	at java.lang.Thread.run(Thread.java:722)

"JMX client heartbeat 10" daemon prio=10 tid=0x00007f197802f800 nid=0x1ef7 waiting on condition [0x00007f196f6f5000]
   java.lang.Thread.State: TIMED_WAITING (sleeping)
	at java.lang.Thread.sleep(Native Method)
	at com.sun.jmx.remote.internal.ClientCommunicatorAdmin$Checker.run(ClientCommunicatorAdmin.java:174)
	at java.lang.Thread.run(Thread.java:722)

"JMX client heartbeat 11" daemon prio=10 tid=0x000000000238f000 nid=0x1ef6 waiting on condition [0x00007f196f7f6000]
   java.lang.Thread.State: TIMED_WAITING (sleeping)
	at java.lang.Thread.sleep(Native Method)
	at com.sun.jmx.remote.internal.ClientCommunicatorAdmin$Checker.run(ClientCommunicatorAdmin.java:174)
	at java.lang.Thread.run(Thread.java:722)

"JMX client heartbeat 12" daemon prio=10 tid=0x00007f1978033000 nid=0x1ef5 waiting on condition [0x00007f196f8f7000]
   java.lang.Thread.State: TIMED_WAITING (sleeping)
	at java.lang.Thread.sleep(Native Method)
	at com.sun.jmx.remote.internal.ClientCommunicatorAdmin$Checker.run(ClientCommunicatorAdmin.java:174)
	at java.lang.Thread.run(Thread.java:722)

"JMX client heartbeat 13" daemon prio=10 tid=0x00007f1970143800 nid=0x1ef4 waiting on condition [0x00007f196f9f8000]
   java.lang.Thread.State: TIMED_WAITING (sleeping)
	at java.lang.Thread.sleep(Native Method)
	at com.sun.jmx.remote.internal.ClientCommunicatorAdmin$Checker.run(ClientCommunicatorAdmin.java:174)
	at java.lang.Thread.run(Thread.java:722)

"JMX client heartbeat 2" daemon prio=10 tid=0x00007f1990446800 nid=0x1ef3 waiting on condition [0x00007f196faf9000]
   java.lang.Thread.State: TIMED_WAITING (sleeping)
	at java.lang.Thread.sleep(Native Method)
	at com.sun.jmx.remote.internal.ClientCommunicatorAdmin$Checker.run(ClientCommunicatorAdmin.java:174)
	at java.lang.Thread.run(Thread.java:722)

"RMI RenewClean-[10.225.11.58:21109]" daemon prio=10 tid=0x00007f1970028000 nid=0x1ef2 in Object.wait() [0x00007f196fbfa000]
   java.lang.Thread.State: TIMED_WAITING (on object monitor)
	at java.lang.Object.wait(Native Method)
	- waiting on <0x00000000d30f81c0> (a java.lang.ref.ReferenceQueue$Lock)
	at java.lang.ref.ReferenceQueue.remove(ReferenceQueue.java:135)
	- locked <0x00000000d30f81c0> (a java.lang.ref.ReferenceQueue$Lock)
	at sun.rmi.transport.DGCClient$EndpointEntry$RenewCleanThread.run(DGCClient.java:535)
	at java.lang.Thread.run(Thread.java:722)

"RMI RenewClean-[10.225.11.50:40923]" daemon prio=10 tid=0x0000000002399800 nid=0x1ef1 in Object.wait() [0x00007f196fcfb000]
   java.lang.Thread.State: TIMED_WAITING (on object monitor)
	at java.lang.Object.wait(Native Method)
	- waiting on <0x00000000d30f82b8> (a java.lang.ref.ReferenceQueue$Lock)
	at java.lang.ref.ReferenceQueue.remove(ReferenceQueue.java:135)
	- locked <0x00000000d30f82b8> (a java.lang.ref.ReferenceQueue$Lock)
	at sun.rmi.transport.DGCClient$EndpointEntry$RenewCleanThread.run(DGCClient.java:535)
	at java.lang.Thread.run(Thread.java:722)

"RMI RenewClean-[10.225.11.49:33501]" daemon prio=10 tid=0x00007f197802c800 nid=0x1ef0 in Object.wait() [0x00007f196fdfc000]
   java.lang.Thread.State: TIMED_WAITING (on object monitor)
	at java.lang.Object.wait(Native Method)
	- waiting on <0x00000000d30f83b0> (a java.lang.ref.ReferenceQueue$Lock)
	at java.lang.ref.ReferenceQueue.remove(ReferenceQueue.java:135)
	- locked <0x00000000d30f83b0> (a java.lang.ref.ReferenceQueue$Lock)
	at sun.rmi.transport.DGCClient$EndpointEntry$RenewCleanThread.run(DGCClient.java:535)
	at java.lang.Thread.run(Thread.java:722)

"RMI RenewClean-[10.225.11.57:53668]" daemon prio=10 tid=0x00007f19903e2800 nid=0x1eef in Object.wait() [0x00007f196fefd000]
   java.lang.Thread.State: TIMED_WAITING (on object monitor)
	at java.lang.Object.wait(Native Method)
	- waiting on <0x00000000d30f84a8> (a java.lang.ref.ReferenceQueue$Lock)
	at java.lang.ref.ReferenceQueue.remove(ReferenceQueue.java:135)
	- locked <0x00000000d30f84a8> (a java.lang.ref.ReferenceQueue$Lock)
	at sun.rmi.transport.DGCClient$EndpointEntry$RenewCleanThread.run(DGCClient.java:535)
	at java.lang.Thread.run(Thread.java:722)

"RMI RenewClean-[10.225.11.49:55741]" daemon prio=10 tid=0x00007f1970149000 nid=0x1eee in Object.wait() [0x00007f196fffe000]
   java.lang.Thread.State: TIMED_WAITING (on object monitor)
	at java.lang.Object.wait(Native Method)
	- waiting on <0x00000000d30f85a0> (a java.lang.ref.ReferenceQueue$Lock)
	at java.lang.ref.ReferenceQueue.remove(ReferenceQueue.java:135)
	- locked <0x00000000d30f85a0> (a java.lang.ref.ReferenceQueue$Lock)
	at sun.rmi.transport.DGCClient$EndpointEntry$RenewCleanThread.run(DGCClient.java:535)
	at java.lang.Thread.run(Thread.java:722)

"RMI RenewClean-[10.225.11.51:30328]" daemon prio=10 tid=0x00007f197427e000 nid=0x1eed in Object.wait() [0x00007f1984127000]
   java.lang.Thread.State: TIMED_WAITING (on object monitor)
	at java.lang.Object.wait(Native Method)
	- waiting on <0x00000000d30f8698> (a java.lang.ref.ReferenceQueue$Lock)
	at java.lang.ref.ReferenceQueue.remove(ReferenceQueue.java:135)
	- locked <0x00000000d30f8698> (a java.lang.ref.ReferenceQueue$Lock)
	at sun.rmi.transport.DGCClient$EndpointEntry$RenewCleanThread.run(DGCClient.java:535)
	at java.lang.Thread.run(Thread.java:722)

"RMI RenewClean-[10.225.11.59:39974]" daemon prio=10 tid=0x00007f1988016800 nid=0x1eec in Object.wait() [0x00007f1984228000]
   java.lang.Thread.State: TIMED_WAITING (on object monitor)
	at java.lang.Object.wait(Native Method)
	- waiting on <0x00000000d30f8790> (a java.lang.ref.ReferenceQueue$Lock)
	at java.lang.ref.ReferenceQueue.remove(ReferenceQueue.java:135)
	- locked <0x00000000d30f8790> (a java.lang.ref.ReferenceQueue$Lock)
	at sun.rmi.transport.DGCClient$EndpointEntry$RenewCleanThread.run(DGCClient.java:535)
	at java.lang.Thread.run(Thread.java:722)

"RMI RenewClean-[10.225.11.50:60628]" daemon prio=10 tid=0x00007f198801b800 nid=0x1eeb in Object.wait() [0x00007f1984329000]
   java.lang.Thread.State: TIMED_WAITING (on object monitor)
	at java.lang.Object.wait(Native Method)
	- waiting on <0x00000000d30f8888> (a java.lang.ref.ReferenceQueue$Lock)
	at java.lang.ref.ReferenceQueue.remove(ReferenceQueue.java:135)
	- locked <0x00000000d30f8888> (a java.lang.ref.ReferenceQueue$Lock)
	at sun.rmi.transport.DGCClient$EndpointEntry$RenewCleanThread.run(DGCClient.java:535)
	at java.lang.Thread.run(Thread.java:722)

"RMI RenewClean-[10.225.11.57:37829]" daemon prio=10 tid=0x00007f198000c800 nid=0x1eea in Object.wait() [0x00007f198442a000]
   java.lang.Thread.State: TIMED_WAITING (on object monitor)
	at java.lang.Object.wait(Native Method)
	- waiting on <0x00000000d30f8980> (a java.lang.ref.ReferenceQueue$Lock)
	at java.lang.ref.ReferenceQueue.remove(ReferenceQueue.java:135)
	- locked <0x00000000d30f8980> (a java.lang.ref.ReferenceQueue$Lock)
	at sun.rmi.transport.DGCClient$EndpointEntry$RenewCleanThread.run(DGCClient.java:535)
	at java.lang.Thread.run(Thread.java:722)

"RMI RenewClean-[10.225.11.58:39289]" daemon prio=10 tid=0x00007f1968012000 nid=0x1ee9 in Object.wait() [0x00007f198452b000]
   java.lang.Thread.State: TIMED_WAITING (on object monitor)
	at java.lang.Object.wait(Native Method)
	- waiting on <0x00000000d30f8a78> (a java.lang.ref.ReferenceQueue$Lock)
	at java.lang.ref.ReferenceQueue.remove(ReferenceQueue.java:135)
	- locked <0x00000000d30f8a78> (a java.lang.ref.ReferenceQueue$Lock)
	at sun.rmi.transport.DGCClient$EndpointEntry$RenewCleanThread.run(DGCClient.java:535)
	at java.lang.Thread.run(Thread.java:722)

"RMI RenewClean-[10.225.11.51:34616]" daemon prio=10 tid=0x00007f197c019800 nid=0x1ee8 in Object.wait() [0x00007f198462c000]
   java.lang.Thread.State: TIMED_WAITING (on object monitor)
	at java.lang.Object.wait(Native Method)
	- waiting on <0x00000000d2fb8e00> (a java.lang.ref.ReferenceQueue$Lock)
	at java.lang.ref.ReferenceQueue.remove(ReferenceQueue.java:135)
	- locked <0x00000000d2fb8e00> (a java.lang.ref.ReferenceQueue$Lock)
	at sun.rmi.transport.DGCClient$EndpointEntry$RenewCleanThread.run(DGCClient.java:535)
	at java.lang.Thread.run(Thread.java:722)

"GC Daemon" daemon prio=10 tid=0x00007f1978029800 nid=0x1ee7 in Object.wait() [0x00007f198472d000]
   java.lang.Thread.State: TIMED_WAITING (on object monitor)
	at java.lang.Object.wait(Native Method)
	- waiting on <0x00000000d2fa2740> (a sun.misc.GC$LatencyLock)
	at sun.misc.GC$Daemon.run(GC.java:117)
	- locked <0x00000000d2fa2740> (a sun.misc.GC$LatencyLock)

"RMI RenewClean-[10.225.11.59:57508]" daemon prio=10 tid=0x00007f1978021000 nid=0x1ee6 in Object.wait() [0x00007f198482e000]
   java.lang.Thread.State: TIMED_WAITING (on object monitor)
	at java.lang.Object.wait(Native Method)
	- waiting on <0x00000000d2fa1f70> (a java.lang.ref.ReferenceQueue$Lock)
	at java.lang.ref.ReferenceQueue.remove(ReferenceQueue.java:135)
	- locked <0x00000000d2fa1f70> (a java.lang.ref.ReferenceQueue$Lock)
	at sun.rmi.transport.DGCClient$EndpointEntry$RenewCleanThread.run(DGCClient.java:535)
	at java.lang.Thread.run(Thread.java:722)

"RMI Scheduler(0)" daemon prio=10 tid=0x00007f197c018000 nid=0x1ee5 waiting on condition [0x00007f198492f000]
   java.lang.Thread.State: WAITING (parking)
	at sun.misc.Unsafe.park(Native Method)
	- parking to wait for  <0x00000000d2fb81c8> (a java.util.concurrent.locks.AbstractQueuedSynchronizer$ConditionObject)
	at java.util.concurrent.locks.LockSupport.park(LockSupport.java:186)
	at java.util.concurrent.locks.AbstractQueuedSynchronizer$ConditionObject.await(AbstractQueuedSynchronizer.java:2043)
	at java.util.concurrent.ScheduledThreadPoolExecutor$DelayedWorkQueue.take(ScheduledThreadPoolExecutor.java:1079)
	at java.util.concurrent.ScheduledThreadPoolExecutor$DelayedWorkQueue.take(ScheduledThreadPoolExecutor.java:807)
	at java.util.concurrent.ThreadPoolExecutor.getTask(ThreadPoolExecutor.java:1043)
	at java.util.concurrent.ThreadPoolExecutor.runWorker(ThreadPoolExecutor.java:1103)
	at java.util.concurrent.ThreadPoolExecutor$Worker.run(ThreadPoolExecutor.java:603)
	at java.lang.Thread.run(Thread.java:722)

"com.mchange.v2.async.ThreadPoolAsynchronousRunner$PoolThread-#2" daemon prio=10 tid=0x0000000002388800 nid=0x1ee4 in Object.wait() [0x00007f1984c31000]
   java.lang.Thread.State: TIMED_WAITING (on object monitor)
	at java.lang.Object.wait(Native Method)
	at com.mchange.v2.async.ThreadPoolAsynchronousRunner$PoolThread.run(ThreadPoolAsynchronousRunner.java:534)
	- locked <0x00000000d2fd9078> (a com.mchange.v2.async.ThreadPoolAsynchronousRunner)

"com.mchange.v2.async.ThreadPoolAsynchronousRunner$PoolThread-#1" daemon prio=10 tid=0x0000000002374000 nid=0x1ee3 in Object.wait() [0x00007f1984d32000]
   java.lang.Thread.State: TIMED_WAITING (on object monitor)
	at java.lang.Object.wait(Native Method)
	at com.mchange.v2.async.ThreadPoolAsynchronousRunner$PoolThread.run(ThreadPoolAsynchronousRunner.java:534)
	- locked <0x00000000d2fd9078> (a com.mchange.v2.async.ThreadPoolAsynchronousRunner)

"com.mchange.v2.async.ThreadPoolAsynchronousRunner$PoolThread-#0" daemon prio=10 tid=0x0000000002382800 nid=0x1ee2 in Object.wait() [0x00007f1984e33000]
   java.lang.Thread.State: TIMED_WAITING (on object monitor)
	at java.lang.Object.wait(Native Method)
	at com.mchange.v2.async.ThreadPoolAsynchronousRunner$PoolThread.run(ThreadPoolAsynchronousRunner.java:534)
	- locked <0x00000000d2fd9078> (a com.mchange.v2.async.ThreadPoolAsynchronousRunner)

"Timer-0" daemon prio=10 tid=0x0000000002377800 nid=0x1ee1 in Object.wait() [0x00007f1984f34000]
   java.lang.Thread.State: TIMED_WAITING (on object monitor)
	at java.lang.Object.wait(Native Method)
	at java.util.TimerThread.mainLoop(Timer.java:552)
	- locked <0x00000000d2fd7ee0> (a java.util.TaskQueue)
	at java.util.TimerThread.run(Timer.java:505)

"DestroyJavaVM" prio=10 tid=0x00007f1990008000 nid=0x1eb8 waiting on condition [0x0000000000000000]
   java.lang.Thread.State: RUNNABLE

"Thread-1" prio=10 tid=0x00007f19905d0000 nid=0x1ede runnable [0x00007f1985035000]
   java.lang.Thread.State: RUNNABLE
	at java.net.PlainSocketImpl.socketAccept(Native Method)
	at java.net.AbstractPlainSocketImpl.accept(AbstractPlainSocketImpl.java:398)
	at java.net.ServerSocket.implAccept(ServerSocket.java:522)
	at java.net.ServerSocket.accept(ServerSocket.java:490)
	at org.metricssampler.daemon.DefaultTCPController.run(DefaultTCPController.java:77)
	at java.lang.Thread.run(Thread.java:722)

"pool-2-thread-3" prio=10 tid=0x00007f19905c9000 nid=0x1edd waiting on condition [0x00007f1985136000]
   java.lang.Thread.State: WAITING (parking)
	at sun.misc.Unsafe.park(Native Method)
	- parking to wait for  <0x00000000d301f538> (a java.util.concurrent.locks.AbstractQueuedSynchronizer$ConditionObject)
	at java.util.concurrent.locks.LockSupport.park(LockSupport.java:186)
	at java.util.concurrent.locks.AbstractQueuedSynchronizer$ConditionObject.await(AbstractQueuedSynchronizer.java:2043)
	at java.util.concurrent.ScheduledThreadPoolExecutor$DelayedWorkQueue.take(ScheduledThreadPoolExecutor.java:1085)
	at java.util.concurrent.ScheduledThreadPoolExecutor$DelayedWorkQueue.take(ScheduledThreadPoolExecutor.java:807)
	at java.util.concurrent.ThreadPoolExecutor.getTask(ThreadPoolExecutor.java:1043)
	at java.util.concurrent.ThreadPoolExecutor.runWorker(ThreadPoolExecutor.java:1103)
	at java.util.concurrent.ThreadPoolExecutor$Worker.run(ThreadPoolExecutor.java:603)
	at java.lang.Thread.run(Thread.java:722)

"pool-2-thread-2" prio=10 tid=0x00007f19905c6800 nid=0x1edc waiting on condition [0x00007f1985237000]
   java.lang.Thread.State: TIMED_WAITING (parking)
	at sun.misc.Unsafe.park(Native Method)
	- parking to wait for  <0x00000000d301f538> (a java.util.concurrent.locks.AbstractQueuedSynchronizer$ConditionObject)
	at java.util.concurrent.locks.LockSupport.parkNanos(LockSupport.java:226)
	at java.util.concurrent.locks.AbstractQueuedSynchronizer$ConditionObject.awaitNanos(AbstractQueuedSynchronizer.java:2082)
	at java.util.concurrent.ScheduledThreadPoolExecutor$DelayedWorkQueue.take(ScheduledThreadPoolExecutor.java:1090)
	at java.util.concurrent.ScheduledThreadPoolExecutor$DelayedWorkQueue.take(ScheduledThreadPoolExecutor.java:807)
	at java.util.concurrent.ThreadPoolExecutor.getTask(ThreadPoolExecutor.java:1043)
	at java.util.concurrent.ThreadPoolExecutor.runWorker(ThreadPoolExecutor.java:1103)
	at java.util.concurrent.ThreadPoolExecutor$Worker.run(ThreadPoolExecutor.java:603)
	at java.lang.Thread.run(Thread.java:722)

"pool-2-thread-1" prio=10 tid=0x00007f19905c4800 nid=0x1edb waiting on condition [0x00007f1985338000]
   java.lang.Thread.State: WAITING (parking)
	at sun.misc.Unsafe.park(Native Method)
	- parking to wait for  <0x00000000d301f538> (a java.util.concurrent.locks.AbstractQueuedSynchronizer$ConditionObject)
	at java.util.concurrent.locks.LockSupport.park(LockSupport.java:186)
	at java.util.concurrent.locks.AbstractQueuedSynchronizer$ConditionObject.await(AbstractQueuedSynchronizer.java:2043)
	at java.util.concurrent.ScheduledThreadPoolExecutor$DelayedWorkQueue.take(ScheduledThreadPoolExecutor.java:1085)
	at java.util.concurrent.ScheduledThreadPoolExecutor$DelayedWorkQueue.take(ScheduledThreadPoolExecutor.java:807)
	at java.util.concurrent.ThreadPoolExecutor.getTask(ThreadPoolExecutor.java:1043)
	at java.util.concurrent.ThreadPoolExecutor.runWorker(ThreadPoolExecutor.java:1103)
	at java.util.concurrent.ThreadPoolExecutor$Worker.run(ThreadPoolExecutor.java:603)
	at java.lang.Thread.run(Thread.java:722)

"pool-3-thread-25" prio=10 tid=0x00007f19905c2800 nid=0x1eda waiting on condition [0x00007f1985439000]
   java.lang.Thread.State: WAITING (parking)
	at sun.misc.Unsafe.park(Native Method)
	- parking to wait for  <0x00000000d301f778> (a java.util.concurrent.locks.AbstractQueuedSynchronizer$ConditionObject)
	at java.util.concurrent.locks.LockSupport.park(LockSupport.java:186)
	at java.util.concurrent.locks.AbstractQueuedSynchronizer$ConditionObject.await(AbstractQueuedSynchronizer.java:2043)
	at java.util.concurrent.ScheduledThreadPoolExecutor$DelayedWorkQueue.take(ScheduledThreadPoolExecutor.java:1085)
	at java.util.concurrent.ScheduledThreadPoolExecutor$DelayedWorkQueue.take(ScheduledThreadPoolExecutor.java:807)
	at java.util.concurrent.ThreadPoolExecutor.getTask(ThreadPoolExecutor.java:1043)
	at java.util.concurrent.ThreadPoolExecutor.runWorker(ThreadPoolExecutor.java:1103)
	at java.util.concurrent.ThreadPoolExecutor$Worker.run(ThreadPoolExecutor.java:603)
	at java.lang.Thread.run(Thread.java:722)

"pool-3-thread-24" prio=10 tid=0x00007f19905c0800 nid=0x1ed9 waiting on condition [0x00007f198553a000]
   java.lang.Thread.State: WAITING (parking)
	at sun.misc.Unsafe.park(Native Method)
	- parking to wait for  <0x00000000d301f778> (a java.util.concurrent.locks.AbstractQueuedSynchronizer$ConditionObject)
	at java.util.concurrent.locks.LockSupport.park(LockSupport.java:186)
	at java.util.concurrent.locks.AbstractQueuedSynchronizer$ConditionObject.await(AbstractQueuedSynchronizer.java:2043)
	at java.util.concurrent.ScheduledThreadPoolExecutor$DelayedWorkQueue.take(ScheduledThreadPoolExecutor.java:1085)
	at java.util.concurrent.ScheduledThreadPoolExecutor$DelayedWorkQueue.take(ScheduledThreadPoolExecutor.java:807)
	at java.util.concurrent.ThreadPoolExecutor.getTask(ThreadPoolExecutor.java:1043)
	at java.util.concurrent.ThreadPoolExecutor.runWorker(ThreadPoolExecutor.java:1103)
	at java.util.concurrent.ThreadPoolExecutor$Worker.run(ThreadPoolExecutor.java:603)
	at java.lang.Thread.run(Thread.java:722)

"pool-3-thread-23" prio=10 tid=0x00007f19905be800 nid=0x1ed8 waiting on condition [0x00007f198563b000]
   java.lang.Thread.State: WAITING (parking)
	at sun.misc.Unsafe.park(Native Method)
	- parking to wait for  <0x00000000d301f778> (a java.util.concurrent.locks.AbstractQueuedSynchronizer$ConditionObject)
	at java.util.concurrent.locks.LockSupport.park(LockSupport.java:186)
	at java.util.concurrent.locks.AbstractQueuedSynchronizer$ConditionObject.await(AbstractQueuedSynchronizer.java:2043)
	at java.util.concurrent.ScheduledThreadPoolExecutor$DelayedWorkQueue.take(ScheduledThreadPoolExecutor.java:1085)
	at java.util.concurrent.ScheduledThreadPoolExecutor$DelayedWorkQueue.take(ScheduledThreadPoolExecutor.java:807)
	at java.util.concurrent.ThreadPoolExecutor.getTask(ThreadPoolExecutor.java:1043)
	at java.util.concurrent.ThreadPoolExecutor.runWorker(ThreadPoolExecutor.java:1103)
	at java.util.concurrent.ThreadPoolExecutor$Worker.run(ThreadPoolExecutor.java:603)
	at java.lang.Thread.run(Thread.java:722)

"pool-3-thread-22" prio=10 tid=0x00007f19905bc800 nid=0x1ed7 waiting on condition [0x00007f198573c000]
   java.lang.Thread.State: WAITING (parking)
	at sun.misc.Unsafe.park(Native Method)
	- parking to wait for  <0x00000000d301f778> (a java.util.concurrent.locks.AbstractQueuedSynchronizer$ConditionObject)
	at java.util.concurrent.locks.LockSupport.park(LockSupport.java:186)
	at java.util.concurrent.locks.AbstractQueuedSynchronizer$ConditionObject.await(AbstractQueuedSynchronizer.java:2043)
	at java.util.concurrent.ScheduledThreadPoolExecutor$DelayedWorkQueue.take(ScheduledThreadPoolExecutor.java:1085)
	at java.util.concurrent.ScheduledThreadPoolExecutor$DelayedWorkQueue.take(ScheduledThreadPoolExecutor.java:807)
	at java.util.concurrent.ThreadPoolExecutor.getTask(ThreadPoolExecutor.java:1043)
	at java.util.concurrent.ThreadPoolExecutor.runWorker(ThreadPoolExecutor.java:1103)
	at java.util.concurrent.ThreadPoolExecutor$Worker.run(ThreadPoolExecutor.java:603)
	at java.lang.Thread.run(Thread.java:722)

"pool-3-thread-21" prio=10 tid=0x00007f19905ba000 nid=0x1ed6 waiting on condition [0x00007f198583d000]
   java.lang.Thread.State: WAITING (parking)
	at sun.misc.Unsafe.park(Native Method)
	- parking to wait for  <0x00000000d301f778> (a java.util.concurrent.locks.AbstractQueuedSynchronizer$ConditionObject)
	at java.util.concurrent.locks.LockSupport.park(LockSupport.java:186)
	at java.util.concurrent.locks.AbstractQueuedSynchronizer$ConditionObject.await(AbstractQueuedSynchronizer.java:2043)
	at java.util.concurrent.ScheduledThreadPoolExecutor$DelayedWorkQueue.take(ScheduledThreadPoolExecutor.java:1085)
	at java.util.concurrent.ScheduledThreadPoolExecutor$DelayedWorkQueue.take(ScheduledThreadPoolExecutor.java:807)
	at java.util.concurrent.ThreadPoolExecutor.getTask(ThreadPoolExecutor.java:1043)
	at java.util.concurrent.ThreadPoolExecutor.runWorker(ThreadPoolExecutor.java:1103)
	at java.util.concurrent.ThreadPoolExecutor$Worker.run(ThreadPoolExecutor.java:603)
	at java.lang.Thread.run(Thread.java:722)

"pool-3-thread-20" prio=10 tid=0x00007f19905b8000 nid=0x1ed5 waiting on condition [0x00007f198593e000]
   java.lang.Thread.State: TIMED_WAITING (parking)
	at sun.misc.Unsafe.park(Native Method)
	- parking to wait for  <0x00000000d301f778> (a java.util.concurrent.locks.AbstractQueuedSynchronizer$ConditionObject)
	at java.util.concurrent.locks.LockSupport.parkNanos(LockSupport.java:226)
	at java.util.concurrent.locks.AbstractQueuedSynchronizer$ConditionObject.awaitNanos(AbstractQueuedSynchronizer.java:2082)
	at java.util.concurrent.ScheduledThreadPoolExecutor$DelayedWorkQueue.take(ScheduledThreadPoolExecutor.java:1090)
	at java.util.concurrent.ScheduledThreadPoolExecutor$DelayedWorkQueue.take(ScheduledThreadPoolExecutor.java:807)
	at java.util.concurrent.ThreadPoolExecutor.getTask(ThreadPoolExecutor.java:1043)
	at java.util.concurrent.ThreadPoolExecutor.runWorker(ThreadPoolExecutor.java:1103)
	at java.util.concurrent.ThreadPoolExecutor$Worker.run(ThreadPoolExecutor.java:603)
	at java.lang.Thread.run(Thread.java:722)

"pool-3-thread-19" prio=10 tid=0x00007f19905b6000 nid=0x1ed4 waiting on condition [0x00007f1985a3f000]
   java.lang.Thread.State: WAITING (parking)
	at sun.misc.Unsafe.park(Native Method)
	- parking to wait for  <0x00000000d301f778> (a java.util.concurrent.locks.AbstractQueuedSynchronizer$ConditionObject)
	at java.util.concurrent.locks.LockSupport.park(LockSupport.java:186)
	at java.util.concurrent.locks.AbstractQueuedSynchronizer$ConditionObject.await(AbstractQueuedSynchronizer.java:2043)
	at java.util.concurrent.ScheduledThreadPoolExecutor$DelayedWorkQueue.take(ScheduledThreadPoolExecutor.java:1085)
	at java.util.concurrent.ScheduledThreadPoolExecutor$DelayedWorkQueue.take(ScheduledThreadPoolExecutor.java:807)
	at java.util.concurrent.ThreadPoolExecutor.getTask(ThreadPoolExecutor.java:1043)
	at java.util.concurrent.ThreadPoolExecutor.runWorker(ThreadPoolExecutor.java:1103)
	at java.util.concurrent.ThreadPoolExecutor$Worker.run(ThreadPoolExecutor.java:603)
	at java.lang.Thread.run(Thread.java:722)

"pool-3-thread-18" prio=10 tid=0x00007f19905b4000 nid=0x1ed3 waiting on condition [0x00007f1985b40000]
   java.lang.Thread.State: WAITING (parking)
	at sun.misc.Unsafe.park(Native Method)
	- parking to wait for  <0x00000000d301f778> (a java.util.concurrent.locks.AbstractQueuedSynchronizer$ConditionObject)
	at java.util.concurrent.locks.LockSupport.park(LockSupport.java:186)
	at java.util.concurrent.locks.AbstractQueuedSynchronizer$ConditionObject.await(AbstractQueuedSynchronizer.java:2043)
	at java.util.concurrent.ScheduledThreadPoolExecutor$DelayedWorkQueue.take(ScheduledThreadPoolExecutor.java:1085)
	at java.util.concurrent.ScheduledThreadPoolExecutor$DelayedWorkQueue.take(ScheduledThreadPoolExecutor.java:807)
	at java.util.concurrent.ThreadPoolExecutor.getTask(ThreadPoolExecutor.java:1043)
	at java.util.concurrent.ThreadPoolExecutor.runWorker(ThreadPoolExecutor.java:1103)
	at java.util.concurrent.ThreadPoolExecutor$Worker.run(ThreadPoolExecutor.java:603)
	at java.lang.Thread.run(Thread.java:722)

"pool-3-thread-17" prio=10 tid=0x00007f19905b2000 nid=0x1ed2 waiting on condition [0x00007f1985c41000]
   java.lang.Thread.State: WAITING (parking)
	at sun.misc.Unsafe.park(Native Method)
	- parking to wait for  <0x00000000d301f778> (a java.util.concurrent.locks.AbstractQueuedSynchronizer$ConditionObject)
	at java.util.concurrent.locks.LockSupport.park(LockSupport.java:186)
	at java.util.concurrent.locks.AbstractQueuedSynchronizer$ConditionObject.await(AbstractQueuedSynchronizer.java:2043)
	at java.util.concurrent.ScheduledThreadPoolExecutor$DelayedWorkQueue.take(ScheduledThreadPoolExecutor.java:1085)
	at java.util.concurrent.ScheduledThreadPoolExecutor$DelayedWorkQueue.take(ScheduledThreadPoolExecutor.java:807)
	at java.util.concurrent.ThreadPoolExecutor.getTask(ThreadPoolExecutor.java:1043)
	at java.util.concurrent.ThreadPoolExecutor.runWorker(ThreadPoolExecutor.java:1103)
	at java.util.concurrent.ThreadPoolExecutor$Worker.run(ThreadPoolExecutor.java:603)
	at java.lang.Thread.run(Thread.java:722)

"pool-3-thread-16" prio=10 tid=0x00007f19905b0000 nid=0x1ed1 waiting on condition [0x00007f1985d42000]
   java.lang.Thread.State: WAITING (parking)
	at sun.misc.Unsafe.park(Native Method)
	- parking to wait for  <0x00000000d301f778> (a java.util.concurrent.locks.AbstractQueuedSynchronizer$ConditionObject)
	at java.util.concurrent.locks.LockSupport.park(LockSupport.java:186)
	at java.util.concurrent.locks.AbstractQueuedSynchronizer$ConditionObject.await(AbstractQueuedSynchronizer.java:2043)
	at java.util.concurrent.ScheduledThreadPoolExecutor$DelayedWorkQueue.take(ScheduledThreadPoolExecutor.java:1085)
	at java.util.concurrent.ScheduledThreadPoolExecutor$DelayedWorkQueue.take(ScheduledThreadPoolExecutor.java:807)
	at java.util.concurrent.ThreadPoolExecutor.getTask(ThreadPoolExecutor.java:1043)
	at java.util.concurrent.ThreadPoolExecutor.runWorker(ThreadPoolExecutor.java:1103)
	at java.util.concurrent.ThreadPoolExecutor$Worker.run(ThreadPoolExecutor.java:603)
	at java.lang.Thread.run(Thread.java:722)

"pool-3-thread-15" prio=10 tid=0x00007f19905ae000 nid=0x1ed0 waiting on condition [0x00007f1985e43000]
   java.lang.Thread.State: TIMED_WAITING (parking)
	at sun.misc.Unsafe.park(Native Method)
	- parking to wait for  <0x00000000d301f778> (a java.util.concurrent.locks.AbstractQueuedSynchronizer$ConditionObject)
	at java.util.concurrent.locks.LockSupport.parkNanos(LockSupport.java:226)
	at java.util.concurrent.locks.AbstractQueuedSynchronizer$ConditionObject.awaitNanos(AbstractQueuedSynchronizer.java:2082)
	at java.util.concurrent.ScheduledThreadPoolExecutor$DelayedWorkQueue.take(ScheduledThreadPoolExecutor.java:1090)
	at java.util.concurrent.ScheduledThreadPoolExecutor$DelayedWorkQueue.take(ScheduledThreadPoolExecutor.java:807)
	at java.util.concurrent.ThreadPoolExecutor.getTask(ThreadPoolExecutor.java:1043)
	at java.util.concurrent.ThreadPoolExecutor.runWorker(ThreadPoolExecutor.java:1103)
	at java.util.concurrent.ThreadPoolExecutor$Worker.run(ThreadPoolExecutor.java:603)
	at java.lang.Thread.run(Thread.java:722)

"pool-3-thread-14" prio=10 tid=0x00007f19905ac000 nid=0x1ecf waiting on condition [0x00007f1985f44000]
   java.lang.Thread.State: TIMED_WAITING (parking)
	at sun.misc.Unsafe.park(Native Method)
	- parking to wait for  <0x00000000d301f778> (a java.util.concurrent.locks.AbstractQueuedSynchronizer$ConditionObject)
	at java.util.concurrent.locks.LockSupport.parkNanos(LockSupport.java:226)
	at java.util.concurrent.locks.AbstractQueuedSynchronizer$ConditionObject.awaitNanos(AbstractQueuedSynchronizer.java:2082)
	at java.util.concurrent.ScheduledThreadPoolExecutor$DelayedWorkQueue.take(ScheduledThreadPoolExecutor.java:1090)
	at java.util.concurrent.ScheduledThreadPoolExecutor$DelayedWorkQueue.take(ScheduledThreadPoolExecutor.java:807)
	at java.util.concurrent.ThreadPoolExecutor.getTask(ThreadPoolExecutor.java:1043)
	at java.util.concurrent.ThreadPoolExecutor.runWorker(ThreadPoolExecutor.java:1103)
	at java.util.concurrent.ThreadPoolExecutor$Worker.run(ThreadPoolExecutor.java:603)
	at java.lang.Thread.run(Thread.java:722)

"pool-3-thread-13" prio=10 tid=0x00007f19905aa000 nid=0x1ece waiting on condition [0x00007f1986045000]
   java.lang.Thread.State: WAITING (parking)
	at sun.misc.Unsafe.park(Native Method)
	- parking to wait for  <0x00000000d301f778> (a java.util.concurrent.locks.AbstractQueuedSynchronizer$ConditionObject)
	at java.util.concurrent.locks.LockSupport.park(LockSupport.java:186)
	at java.util.concurrent.locks.AbstractQueuedSynchronizer$ConditionObject.await(AbstractQueuedSynchronizer.java:2043)
	at java.util.concurrent.ScheduledThreadPoolExecutor$DelayedWorkQueue.take(ScheduledThreadPoolExecutor.java:1085)
	at java.util.concurrent.ScheduledThreadPoolExecutor$DelayedWorkQueue.take(ScheduledThreadPoolExecutor.java:807)
	at java.util.concurrent.ThreadPoolExecutor.getTask(ThreadPoolExecutor.java:1043)
	at java.util.concurrent.ThreadPoolExecutor.runWorker(ThreadPoolExecutor.java:1103)
	at java.util.concurrent.ThreadPoolExecutor$Worker.run(ThreadPoolExecutor.java:603)
	at java.lang.Thread.run(Thread.java:722)

"pool-3-thread-12" prio=10 tid=0x00007f19905a7800 nid=0x1ecd waiting on condition [0x00007f1986146000]
   java.lang.Thread.State: WAITING (parking)
	at sun.misc.Unsafe.park(Native Method)
	- parking to wait for  <0x00000000d301f778> (a java.util.concurrent.locks.AbstractQueuedSynchronizer$ConditionObject)
	at java.util.concurrent.locks.LockSupport.park(LockSupport.java:186)
	at java.util.concurrent.locks.AbstractQueuedSynchronizer$ConditionObject.await(AbstractQueuedSynchronizer.java:2043)
	at java.util.concurrent.ScheduledThreadPoolExecutor$DelayedWorkQueue.take(ScheduledThreadPoolExecutor.java:1085)
	at java.util.concurrent.ScheduledThreadPoolExecutor$DelayedWorkQueue.take(ScheduledThreadPoolExecutor.java:807)
	at java.util.concurrent.ThreadPoolExecutor.getTask(ThreadPoolExecutor.java:1043)
	at java.util.concurrent.ThreadPoolExecutor.runWorker(ThreadPoolExecutor.java:1103)
	at java.util.concurrent.ThreadPoolExecutor$Worker.run(ThreadPoolExecutor.java:603)
	at java.lang.Thread.run(Thread.java:722)

"pool-3-thread-11" prio=10 tid=0x00007f19905a5800 nid=0x1ecc waiting on condition [0x00007f1986247000]
   java.lang.Thread.State: TIMED_WAITING (parking)
	at sun.misc.Unsafe.park(Native Method)
	- parking to wait for  <0x00000000d301f778> (a java.util.concurrent.locks.AbstractQueuedSynchronizer$ConditionObject)
	at java.util.concurrent.locks.LockSupport.parkNanos(LockSupport.java:226)
	at java.util.concurrent.locks.AbstractQueuedSynchronizer$ConditionObject.awaitNanos(AbstractQueuedSynchronizer.java:2082)
	at java.util.concurrent.ScheduledThreadPoolExecutor$DelayedWorkQueue.take(ScheduledThreadPoolExecutor.java:1090)
	at java.util.concurrent.ScheduledThreadPoolExecutor$DelayedWorkQueue.take(ScheduledThreadPoolExecutor.java:807)
	at java.util.concurrent.ThreadPoolExecutor.getTask(ThreadPoolExecutor.java:1043)
	at java.util.concurrent.ThreadPoolExecutor.runWorker(ThreadPoolExecutor.java:1103)
	at java.util.concurrent.ThreadPoolExecutor$Worker.run(ThreadPoolExecutor.java:603)
	at java.lang.Thread.run(Thread.java:722)

"pool-3-thread-10" prio=10 tid=0x00007f19905a3800 nid=0x1ecb waiting on condition [0x00007f1986348000]
   java.lang.Thread.State: WAITING (parking)
	at sun.misc.Unsafe.park(Native Method)
	- parking to wait for  <0x00000000d301f778> (a java.util.concurrent.locks.AbstractQueuedSynchronizer$ConditionObject)
	at java.util.concurrent.locks.LockSupport.park(LockSupport.java:186)
	at java.util.concurrent.locks.AbstractQueuedSynchronizer$ConditionObject.await(AbstractQueuedSynchronizer.java:2043)
	at java.util.concurrent.ScheduledThreadPoolExecutor$DelayedWorkQueue.take(ScheduledThreadPoolExecutor.java:1085)
	at java.util.concurrent.ScheduledThreadPoolExecutor$DelayedWorkQueue.take(ScheduledThreadPoolExecutor.java:807)
	at java.util.concurrent.ThreadPoolExecutor.getTask(ThreadPoolExecutor.java:1043)
	at java.util.concurrent.ThreadPoolExecutor.runWorker(ThreadPoolExecutor.java:1103)
	at java.util.concurrent.ThreadPoolExecutor$Worker.run(ThreadPoolExecutor.java:603)
	at java.lang.Thread.run(Thread.java:722)

"pool-3-thread-9" prio=10 tid=0x00007f19905a1800 nid=0x1eca waiting on condition [0x00007f1986449000]
   java.lang.Thread.State: WAITING (parking)
	at sun.misc.Unsafe.park(Native Method)
	- parking to wait for  <0x00000000d301f778> (a java.util.concurrent.locks.AbstractQueuedSynchronizer$ConditionObject)
	at java.util.concurrent.locks.LockSupport.park(LockSupport.java:186)
	at java.util.concurrent.locks.AbstractQueuedSynchronizer$ConditionObject.await(AbstractQueuedSynchronizer.java:2043)
	at java.util.concurrent.ScheduledThreadPoolExecutor$DelayedWorkQueue.take(ScheduledThreadPoolExecutor.java:1085)
	at java.util.concurrent.ScheduledThreadPoolExecutor$DelayedWorkQueue.take(ScheduledThreadPoolExecutor.java:807)
	at java.util.concurrent.ThreadPoolExecutor.getTask(ThreadPoolExecutor.java:1043)
	at java.util.concurrent.ThreadPoolExecutor.runWorker(ThreadPoolExecutor.java:1103)
	at java.util.concurrent.ThreadPoolExecutor$Worker.run(ThreadPoolExecutor.java:603)
	at java.lang.Thread.run(Thread.java:722)

"pool-3-thread-8" prio=10 tid=0x00007f19905a0000 nid=0x1ec9 waiting on condition [0x00007f198654a000]
   java.lang.Thread.State: TIMED_WAITING (parking)
	at sun.misc.Unsafe.park(Native Method)
	- parking to wait for  <0x00000000d301f778> (a java.util.concurrent.locks.AbstractQueuedSynchronizer$ConditionObject)
	at java.util.concurrent.locks.LockSupport.parkNanos(LockSupport.java:226)
	at java.util.concurrent.locks.AbstractQueuedSynchronizer$ConditionObject.awaitNanos(AbstractQueuedSynchronizer.java:2082)
	at java.util.concurrent.ScheduledThreadPoolExecutor$DelayedWorkQueue.take(ScheduledThreadPoolExecutor.java:1090)
	at java.util.concurrent.ScheduledThreadPoolExecutor$DelayedWorkQueue.take(ScheduledThreadPoolExecutor.java:807)
	at java.util.concurrent.ThreadPoolExecutor.getTask(ThreadPoolExecutor.java:1043)
	at java.util.concurrent.ThreadPoolExecutor.runWorker(ThreadPoolExecutor.java:1103)
	at java.util.concurrent.ThreadPoolExecutor$Worker.run(ThreadPoolExecutor.java:603)
	at java.lang.Thread.run(Thread.java:722)

"pool-3-thread-7" prio=10 tid=0x00007f199059e800 nid=0x1ec8 waiting on condition [0x00007f198664b000]
   java.lang.Thread.State: WAITING (parking)
	at sun.misc.Unsafe.park(Native Method)
	- parking to wait for  <0x00000000d301f778> (a java.util.concurrent.locks.AbstractQueuedSynchronizer$ConditionObject)
	at java.util.concurrent.locks.LockSupport.park(LockSupport.java:186)
	at java.util.concurrent.locks.AbstractQueuedSynchronizer$ConditionObject.await(AbstractQueuedSynchronizer.java:2043)
	at java.util.concurrent.ScheduledThreadPoolExecutor$DelayedWorkQueue.take(ScheduledThreadPoolExecutor.java:1085)
	at java.util.concurrent.ScheduledThreadPoolExecutor$DelayedWorkQueue.take(ScheduledThreadPoolExecutor.java:807)
	at java.util.concurrent.ThreadPoolExecutor.getTask(ThreadPoolExecutor.java:1043)
	at java.util.concurrent.ThreadPoolExecutor.runWorker(ThreadPoolExecutor.java:1103)
	at java.util.concurrent.ThreadPoolExecutor$Worker.run(ThreadPoolExecutor.java:603)
	at java.lang.Thread.run(Thread.java:722)

"pool-3-thread-6" prio=10 tid=0x00007f199059c800 nid=0x1ec7 waiting on condition [0x00007f198674c000]
   java.lang.Thread.State: TIMED_WAITING (parking)
	at sun.misc.Unsafe.park(Native Method)
	- parking to wait for  <0x00000000d301f778> (a java.util.concurrent.locks.AbstractQueuedSynchronizer$ConditionObject)
	at java.util.concurrent.locks.LockSupport.parkNanos(LockSupport.java:226)
	at java.util.concurrent.locks.AbstractQueuedSynchronizer$ConditionObject.awaitNanos(AbstractQueuedSynchronizer.java:2082)
	at java.util.concurrent.ScheduledThreadPoolExecutor$DelayedWorkQueue.take(ScheduledThreadPoolExecutor.java:1090)
	at java.util.concurrent.ScheduledThreadPoolExecutor$DelayedWorkQueue.take(ScheduledThreadPoolExecutor.java:807)
	at java.util.concurrent.ThreadPoolExecutor.getTask(ThreadPoolExecutor.java:1043)
	at java.util.concurrent.ThreadPoolExecutor.runWorker(ThreadPoolExecutor.java:1103)
	at java.util.concurrent.ThreadPoolExecutor$Worker.run(ThreadPoolExecutor.java:603)
	at java.lang.Thread.run(Thread.java:722)

"pool-3-thread-5" prio=10 tid=0x00007f199059a000 nid=0x1ec6 waiting on condition [0x00007f198684d000]
   java.lang.Thread.State: TIMED_WAITING (parking)
	at sun.misc.Unsafe.park(Native Method)
	- parking to wait for  <0x00000000d301f778> (a java.util.concurrent.locks.AbstractQueuedSynchronizer$ConditionObject)
	at java.util.concurrent.locks.LockSupport.parkNanos(LockSupport.java:226)
	at java.util.concurrent.locks.AbstractQueuedSynchronizer$ConditionObject.awaitNanos(AbstractQueuedSynchronizer.java:2082)
	at java.util.concurrent.ScheduledThreadPoolExecutor$DelayedWorkQueue.take(ScheduledThreadPoolExecutor.java:1090)
	at java.util.concurrent.ScheduledThreadPoolExecutor$DelayedWorkQueue.take(ScheduledThreadPoolExecutor.java:807)
	at java.util.concurrent.ThreadPoolExecutor.getTask(ThreadPoolExecutor.java:1043)
	at java.util.concurrent.ThreadPoolExecutor.runWorker(ThreadPoolExecutor.java:1103)
	at java.util.concurrent.ThreadPoolExecutor$Worker.run(ThreadPoolExecutor.java:603)
	at java.lang.Thread.run(Thread.java:722)

"pool-3-thread-4" prio=10 tid=0x00007f1990598000 nid=0x1ec5 waiting on condition [0x00007f198694e000]
   java.lang.Thread.State: TIMED_WAITING (parking)
	at sun.misc.Unsafe.park(Native Method)
	- parking to wait for  <0x00000000d301f778> (a java.util.concurrent.locks.AbstractQueuedSynchronizer$ConditionObject)
	at java.util.concurrent.locks.LockSupport.parkNanos(LockSupport.java:226)
	at java.util.concurrent.locks.AbstractQueuedSynchronizer$ConditionObject.awaitNanos(AbstractQueuedSynchronizer.java:2082)
	at java.util.concurrent.ScheduledThreadPoolExecutor$DelayedWorkQueue.take(ScheduledThreadPoolExecutor.java:1090)
	at java.util.concurrent.ScheduledThreadPoolExecutor$DelayedWorkQueue.take(ScheduledThreadPoolExecutor.java:807)
	at java.util.concurrent.ThreadPoolExecutor.getTask(ThreadPoolExecutor.java:1043)
	at java.util.concurrent.ThreadPoolExecutor.runWorker(ThreadPoolExecutor.java:1103)
	at java.util.concurrent.ThreadPoolExecutor$Worker.run(ThreadPoolExecutor.java:603)
	at java.lang.Thread.run(Thread.java:722)

"pool-3-thread-3" prio=10 tid=0x00007f1990596800 nid=0x1ec4 waiting on condition [0x00007f1986a4f000]
   java.lang.Thread.State: WAITING (parking)
	at sun.misc.Unsafe.park(Native Method)
	- parking to wait for  <0x00000000d301f778> (a java.util.concurrent.locks.AbstractQueuedSynchronizer$ConditionObject)
	at java.util.concurrent.locks.LockSupport.park(LockSupport.java:186)
	at java.util.concurrent.locks.AbstractQueuedSynchronizer$ConditionObject.await(AbstractQueuedSynchronizer.java:2043)
	at java.util.concurrent.ScheduledThreadPoolExecutor$DelayedWorkQueue.take(ScheduledThreadPoolExecutor.java:1085)
	at java.util.concurrent.ScheduledThreadPoolExecutor$DelayedWorkQueue.take(ScheduledThreadPoolExecutor.java:807)
	at java.util.concurrent.ThreadPoolExecutor.getTask(ThreadPoolExecutor.java:1043)
	at java.util.concurrent.ThreadPoolExecutor.runWorker(ThreadPoolExecutor.java:1103)
	at java.util.concurrent.ThreadPoolExecutor$Worker.run(ThreadPoolExecutor.java:603)
	at java.lang.Thread.run(Thread.java:722)

"pool-3-thread-2" prio=10 tid=0x00007f1990595000 nid=0x1ec3 waiting on condition [0x00007f1986b50000]
   java.lang.Thread.State: WAITING (parking)
	at sun.misc.Unsafe.park(Native Method)
	- parking to wait for  <0x00000000d301f778> (a java.util.concurrent.locks.AbstractQueuedSynchronizer$ConditionObject)
	at java.util.concurrent.locks.LockSupport.park(LockSupport.java:186)
	at java.util.concurrent.locks.AbstractQueuedSynchronizer$ConditionObject.await(AbstractQueuedSynchronizer.java:2043)
	at java.util.concurrent.ScheduledThreadPoolExecutor$DelayedWorkQueue.take(ScheduledThreadPoolExecutor.java:1085)
	at java.util.concurrent.ScheduledThreadPoolExecutor$DelayedWorkQueue.take(ScheduledThreadPoolExecutor.java:807)
	at java.util.concurrent.ThreadPoolExecutor.getTask(ThreadPoolExecutor.java:1043)
	at java.util.concurrent.ThreadPoolExecutor.runWorker(ThreadPoolExecutor.java:1103)
	at java.util.concurrent.ThreadPoolExecutor$Worker.run(ThreadPoolExecutor.java:603)
	at java.lang.Thread.run(Thread.java:722)

"pool-3-thread-1" prio=10 tid=0x00007f1990593800 nid=0x1ec2 waiting on condition [0x00007f1986c51000]
   java.lang.Thread.State: WAITING (parking)
	at sun.misc.Unsafe.park(Native Method)
	- parking to wait for  <0x00000000d301f778> (a java.util.concurrent.locks.AbstractQueuedSynchronizer$ConditionObject)
	at java.util.concurrent.locks.LockSupport.park(LockSupport.java:186)
	at java.util.concurrent.locks.AbstractQueuedSynchronizer$ConditionObject.await(AbstractQueuedSynchronizer.java:2043)
	at java.util.concurrent.ScheduledThreadPoolExecutor$DelayedWorkQueue.take(ScheduledThreadPoolExecutor.java:1085)
	at java.util.concurrent.ScheduledThreadPoolExecutor$DelayedWorkQueue.take(ScheduledThreadPoolExecutor.java:807)
	at java.util.concurrent.ThreadPoolExecutor.getTask(ThreadPoolExecutor.java:1043)
	at java.util.concurrent.ThreadPoolExecutor.runWorker(ThreadPoolExecutor.java:1103)
	at java.util.concurrent.ThreadPoolExecutor$Worker.run(ThreadPoolExecutor.java:603)
	at java.lang.Thread.run(Thread.java:722)

"Service Thread" daemon prio=10 tid=0x00007f19900e3000 nid=0x1ebf runnable [0x0000000000000000]
   java.lang.Thread.State: RUNNABLE

"C2 CompilerThread1" daemon prio=10 tid=0x00007f19900e0800 nid=0x1ebe waiting on condition [0x0000000000000000]
   java.lang.Thread.State: RUNNABLE

"C2 CompilerThread0" daemon prio=10 tid=0x00007f19900de800 nid=0x1ebd waiting on condition [0x0000000000000000]
   java.lang.Thread.State: RUNNABLE

"Signal Dispatcher" daemon prio=10 tid=0x00007f19900dc000 nid=0x1ebc runnable [0x0000000000000000]
   java.lang.Thread.State: RUNNABLE

"Finalizer" daemon prio=10 tid=0x00007f1990090800 nid=0x1ebb in Object.wait() [0x00007f1987ffe000]
   java.lang.Thread.State: WAITING (on object monitor)
	at java.lang.Object.wait(Native Method)
	at java.lang.ref.ReferenceQueue.remove(ReferenceQueue.java:135)
	- locked <0x00000000d2e008c0> (a java.lang.ref.ReferenceQueue$Lock)
	at java.lang.ref.ReferenceQueue.remove(ReferenceQueue.java:151)
	at java.lang.ref.Finalizer$FinalizerThread.run(Finalizer.java:177)

"Reference Handler" daemon prio=10 tid=0x00007f199008e800 nid=0x1eba in Object.wait() [0x00007f198c195000]
   java.lang.Thread.State: WAITING (on object monitor)
	at java.lang.Object.wait(Native Method)
	at java.lang.Object.wait(Object.java:503)
	at java.lang.ref.Reference$ReferenceHandler.run(Reference.java:133)
	- locked <0x00000000d2e00958> (a java.lang.ref.Reference$Lock)

"VM Thread" prio=10 tid=0x00007f1990087000 nid=0x1eb9 runnable 

"VM Periodic Task Thread" prio=10 tid=0x00007f19900ee000 nid=0x1ec0 waiting on condition 

JNI global references: 916

